<?xml version="1.0" encoding="UTF-8"?>
<robot generator="Robot 4.1.3 (Python 3.10.2 on win32)" generated="20220315 14:45:41.379" rpa="false" schemaversion="2">
<suite id="s1" name="Tests" source="C:\git\test\auto21\webtest\Tests">
<suite id="s1-s1" name="Webtest" source="C:\git\test\auto21\webtest\Tests\webtest.robot">
<test id="s1-s1-t1" name="Open Chrome">
<kw name="Open Browser" library="SeleniumLibrary">
<arg>about:blank</arg>
<arg>chrome</arg>
<doc>Opens a new browser instance to the given ``url``.</doc>
<msg timestamp="20220315 14:45:41.553" level="INFO">Opening browser 'chrome' to base url 'about:blank'.</msg>
<status status="PASS" starttime="20220315 14:45:41.553" endtime="20220315 14:45:42.666"/>
</kw>
<kw name="Go To" library="SeleniumLibrary">
<arg>${url}</arg>
<doc>Navigates the active browser instance to the provided ``url``.</doc>
<msg timestamp="20220315 14:45:42.670" level="INFO">Opening url 'https://www.mediamarkt.se'</msg>
<status status="PASS" starttime="20220315 14:45:42.670" endtime="20220315 14:45:45.643"/>
</kw>
<kw name="Wait Until Page Contains" library="SeleniumLibrary">
<arg>Media Markt</arg>
<doc>Waits until ``text`` appears on current page.</doc>
<status status="PASS" starttime="20220315 14:45:45.643" endtime="20220315 14:45:45.703"/>
</kw>
<kw name="Close All Browsers" library="SeleniumLibrary">
<doc>Closes all open browsers and resets the browser cache.</doc>
<status status="PASS" starttime="20220315 14:45:45.707" endtime="20220315 14:45:47.859"/>
</kw>
<status status="PASS" starttime="20220315 14:45:41.553" endtime="20220315 14:45:47.859"/>
</test>
<status status="PASS" starttime="20220315 14:45:41.401" endtime="20220315 14:45:47.863"/>
</suite>
<status status="PASS" starttime="20220315 14:45:41.381" endtime="20220315 14:45:47.871"/>
</suite>
<statistics>
<total>
<stat pass="1" fail="0" skip="0">All Tests</stat>
</total>
<tag>
</tag>
<suite>
<stat pass="1" fail="0" skip="0" id="s1" name="Tests">Tests</stat>
<stat pass="1" fail="0" skip="0" id="s1-s1" name="Webtest">Tests.Webtest</stat>
</suite>
</statistics>
<errors>
</errors>
</robot>
